51961679756:ENCOLADO ans_fa90e838-be6b-4265-aaae-2681a8ae4622
EJECUTANDO:ans_fa90e838-be6b-4265-aaae-2681a8ae4622
51961679756:SUCCESS
51961679756:ENCOLADO ans_0a33d83b-bf3e-4b7a-a154-7b10cd0831a5
EJECUTANDO:ans_0a33d83b-bf3e-4b7a-a154-7b10cd0831a5
51961679756:SUCCESS
51961679756:ENCOLADO ans_8db3ab6c-2752-4004-8806-365246862f6b
EJECUTANDO:ans_8db3ab6c-2752-4004-8806-365246862f6b
51961679756:SUCCESS
51961679756:ENCOLADO ans_fa90e838-be6b-4265-aaae-2681a8ae4622
EJECUTANDO:ans_fa90e838-be6b-4265-aaae-2681a8ae4622
51961679756:SUCCESS
51961679756:ENCOLADO ans_0a33d83b-bf3e-4b7a-a154-7b10cd0831a5
EJECUTANDO:ans_0a33d83b-bf3e-4b7a-a154-7b10cd0831a5
51961679756:SUCCESS
51961679756:ENCOLADO ans_8db3ab6c-2752-4004-8806-365246862f6b
EJECUTANDO:ans_8db3ab6c-2752-4004-8806-365246862f6b
51961679756:SUCCESS
51961679756:ENCOLADO ans_fa90e838-be6b-4265-aaae-2681a8ae4622
EJECUTANDO:ans_fa90e838-be6b-4265-aaae-2681a8ae4622
51961679756:SUCCESS
51961679756:ENCOLADO ans_0a33d83b-bf3e-4b7a-a154-7b10cd0831a5
EJECUTANDO:ans_0a33d83b-bf3e-4b7a-a154-7b10cd0831a5
51961679756:SUCCESS
51961679756:ENCOLADO ans_8db3ab6c-2752-4004-8806-365246862f6b
EJECUTANDO:ans_8db3ab6c-2752-4004-8806-365246862f6b
51961679756:SUCCESS
51961679756:ENCOLADO ans_fa90e838-be6b-4265-aaae-2681a8ae4622
EJECUTANDO:ans_fa90e838-be6b-4265-aaae-2681a8ae4622
51961679756:SUCCESS
51961679756:ENCOLADO ans_0a33d83b-bf3e-4b7a-a154-7b10cd0831a5
EJECUTANDO:ans_0a33d83b-bf3e-4b7a-a154-7b10cd0831a5
51961679756:SUCCESS
51961679756:ENCOLADO ans_8db3ab6c-2752-4004-8806-365246862f6b
EJECUTANDO:ans_8db3ab6c-2752-4004-8806-365246862f6b
51961679756:SUCCESS
51961679756:ENCOLADO ans_fa90e838-be6b-4265-aaae-2681a8ae4622
EJECUTANDO:ans_fa90e838-be6b-4265-aaae-2681a8ae4622
51961679756:SUCCESS
51961679756:ENCOLADO ans_0a33d83b-bf3e-4b7a-a154-7b10cd0831a5
EJECUTANDO:ans_0a33d83b-bf3e-4b7a-a154-7b10cd0831a5
51961679756:SUCCESS
51961679756:ENCOLADO ans_8db3ab6c-2752-4004-8806-365246862f6b
EJECUTANDO:ans_8db3ab6c-2752-4004-8806-365246862f6b
51961679756:SUCCESS
51961679756:ENCOLADO ans_f440e5fa-f0f3-4cbd-80bc-d1fc750d2e80
EJECUTANDO:ans_f440e5fa-f0f3-4cbd-80bc-d1fc750d2e80
51961679756:SUCCESS
51961679756:ENCOLADO ans_f345d45f-61ea-4493-a6aa-bd212369d768
EJECUTANDO:ans_f345d45f-61ea-4493-a6aa-bd212369d768
51961679756:SUCCESS
51961679756:ENCOLADO ans_f92b056a-423d-4652-b169-6d72b34d1c0c
EJECUTANDO:ans_f92b056a-423d-4652-b169-6d72b34d1c0c
51961679756:SUCCESS
51913648419:ENCOLADO ans_fa90e838-be6b-4265-aaae-2681a8ae4622
EJECUTANDO:ans_fa90e838-be6b-4265-aaae-2681a8ae4622
51913648419:SUCCESS
51913648419:ENCOLADO ans_0a33d83b-bf3e-4b7a-a154-7b10cd0831a5
EJECUTANDO:ans_0a33d83b-bf3e-4b7a-a154-7b10cd0831a5
51913648419:SUCCESS
51913648419:ENCOLADO ans_8db3ab6c-2752-4004-8806-365246862f6b
EJECUTANDO:ans_8db3ab6c-2752-4004-8806-365246862f6b
51913648419:SUCCESS
51913648419:ENCOLADO ans_fa90e838-be6b-4265-aaae-2681a8ae4622
EJECUTANDO:ans_fa90e838-be6b-4265-aaae-2681a8ae4622
51913648419:SUCCESS
51913648419:ENCOLADO ans_0a33d83b-bf3e-4b7a-a154-7b10cd0831a5
EJECUTANDO:ans_0a33d83b-bf3e-4b7a-a154-7b10cd0831a5
51913648419:SUCCESS
51913648419:ENCOLADO ans_8db3ab6c-2752-4004-8806-365246862f6b
EJECUTANDO:ans_8db3ab6c-2752-4004-8806-365246862f6b
51913648419:SUCCESS
51913648419:ENCOLADO ans_fa90e838-be6b-4265-aaae-2681a8ae4622
EJECUTANDO:ans_fa90e838-be6b-4265-aaae-2681a8ae4622
51913648419:SUCCESS
51913648419:ENCOLADO ans_0a33d83b-bf3e-4b7a-a154-7b10cd0831a5
EJECUTANDO:ans_0a33d83b-bf3e-4b7a-a154-7b10cd0831a5
51913648419:SUCCESS
51913648419:ENCOLADO ans_8db3ab6c-2752-4004-8806-365246862f6b
EJECUTANDO:ans_8db3ab6c-2752-4004-8806-365246862f6b
51913648419:SUCCESS
51913648419:ENCOLADO ans_fa90e838-be6b-4265-aaae-2681a8ae4622
EJECUTANDO:ans_fa90e838-be6b-4265-aaae-2681a8ae4622
51913648419:SUCCESS
51913648419:ENCOLADO ans_0a33d83b-bf3e-4b7a-a154-7b10cd0831a5
EJECUTANDO:ans_0a33d83b-bf3e-4b7a-a154-7b10cd0831a5
51913648419:SUCCESS
51913648419:ENCOLADO ans_8db3ab6c-2752-4004-8806-365246862f6b
EJECUTANDO:ans_8db3ab6c-2752-4004-8806-365246862f6b
51913648419:SUCCESS
51913648419:ENCOLADO ans_fa90e838-be6b-4265-aaae-2681a8ae4622
EJECUTANDO:ans_fa90e838-be6b-4265-aaae-2681a8ae4622
51913648419:SUCCESS
51913648419:ENCOLADO ans_0a33d83b-bf3e-4b7a-a154-7b10cd0831a5
EJECUTANDO:ans_0a33d83b-bf3e-4b7a-a154-7b10cd0831a5
51913648419:SUCCESS
51913648419:ENCOLADO ans_8db3ab6c-2752-4004-8806-365246862f6b
EJECUTANDO:ans_8db3ab6c-2752-4004-8806-365246862f6b
51913648419:SUCCESS
51913648419:ENCOLADO ans_fa90e838-be6b-4265-aaae-2681a8ae4622
EJECUTANDO:ans_fa90e838-be6b-4265-aaae-2681a8ae4622
51913648419:SUCCESS
51913648419:ENCOLADO ans_0a33d83b-bf3e-4b7a-a154-7b10cd0831a5
EJECUTANDO:ans_0a33d83b-bf3e-4b7a-a154-7b10cd0831a5
51913648419:SUCCESS
51913648419:ENCOLADO ans_8db3ab6c-2752-4004-8806-365246862f6b
EJECUTANDO:ans_8db3ab6c-2752-4004-8806-365246862f6b
51913648419:SUCCESS
51913648419:ENCOLADO ans_fa90e838-be6b-4265-aaae-2681a8ae4622
EJECUTANDO:ans_fa90e838-be6b-4265-aaae-2681a8ae4622
51913648419:SUCCESS
51913648419:ENCOLADO ans_0a33d83b-bf3e-4b7a-a154-7b10cd0831a5
EJECUTANDO:ans_0a33d83b-bf3e-4b7a-a154-7b10cd0831a5
51913648419:SUCCESS
51913648419:ENCOLADO ans_8db3ab6c-2752-4004-8806-365246862f6b
EJECUTANDO:ans_8db3ab6c-2752-4004-8806-365246862f6b
51913648419:SUCCESS
51913648419:ENCOLADO ans_fa90e838-be6b-4265-aaae-2681a8ae4622
EJECUTANDO:ans_fa90e838-be6b-4265-aaae-2681a8ae4622
51913648419:SUCCESS
51913648419:ENCOLADO ans_0a33d83b-bf3e-4b7a-a154-7b10cd0831a5
EJECUTANDO:ans_0a33d83b-bf3e-4b7a-a154-7b10cd0831a5
51913648419:SUCCESS
51913648419:ENCOLADO ans_8db3ab6c-2752-4004-8806-365246862f6b
EJECUTANDO:ans_8db3ab6c-2752-4004-8806-365246862f6b
51913648419:SUCCESS
51913648419:ENCOLADO ans_fa90e838-be6b-4265-aaae-2681a8ae4622
EJECUTANDO:ans_fa90e838-be6b-4265-aaae-2681a8ae4622
51913648419:SUCCESS
51913648419:ENCOLADO ans_0a33d83b-bf3e-4b7a-a154-7b10cd0831a5
EJECUTANDO:ans_0a33d83b-bf3e-4b7a-a154-7b10cd0831a5
51913648419:SUCCESS
51913648419:ENCOLADO ans_8db3ab6c-2752-4004-8806-365246862f6b
EJECUTANDO:ans_8db3ab6c-2752-4004-8806-365246862f6b
51913648419:SUCCESS
51913648419:ENCOLADO ans_f440e5fa-f0f3-4cbd-80bc-d1fc750d2e80
EJECUTANDO:ans_f440e5fa-f0f3-4cbd-80bc-d1fc750d2e80
51913648419:SUCCESS
51913648419:ENCOLADO ans_f345d45f-61ea-4493-a6aa-bd212369d768
EJECUTANDO:ans_f345d45f-61ea-4493-a6aa-bd212369d768
51913648419:SUCCESS
51913648419:ENCOLADO ans_f92b056a-423d-4652-b169-6d72b34d1c0c
EJECUTANDO:ans_f92b056a-423d-4652-b169-6d72b34d1c0c
51913648419:SUCCESS
51961679756:ENCOLADO ans_fa90e838-be6b-4265-aaae-2681a8ae4622
EJECUTANDO:ans_fa90e838-be6b-4265-aaae-2681a8ae4622
51961679756:SUCCESS
51961679756:ENCOLADO ans_fa90e838-be6b-4265-aaae-2681a8ae4622
EJECUTANDO:ans_fa90e838-be6b-4265-aaae-2681a8ae4622
51961679756:ENCOLADO ans_0a33d83b-bf3e-4b7a-a154-7b10cd0831a5
EJECUTANDO:ans_0a33d83b-bf3e-4b7a-a154-7b10cd0831a5
51961679756:SUCCESS
51961679756:ENCOLADO ans_0a33d83b-bf3e-4b7a-a154-7b10cd0831a5
EJECUTANDO:ans_0a33d83b-bf3e-4b7a-a154-7b10cd0831a5
51961679756:SUCCESS
51961679756:ENCOLADO ans_8db3ab6c-2752-4004-8806-365246862f6b
EJECUTANDO:ans_8db3ab6c-2752-4004-8806-365246862f6b
51961679756:SUCCESS
51961679756:ENCOLADO ans_8db3ab6c-2752-4004-8806-365246862f6b
EJECUTANDO:ans_8db3ab6c-2752-4004-8806-365246862f6b
51961679756:SUCCESS
51961679756:SUCCESS
51913648419:ENCOLADO ans_f440e5fa-f0f3-4cbd-80bc-d1fc750d2e80
EJECUTANDO:ans_f440e5fa-f0f3-4cbd-80bc-d1fc750d2e80
51913648419:SUCCESS
51913648419:ENCOLADO ans_f345d45f-61ea-4493-a6aa-bd212369d768
EJECUTANDO:ans_f345d45f-61ea-4493-a6aa-bd212369d768
51913648419:SUCCESS
51913648419:ENCOLADO ans_f92b056a-423d-4652-b169-6d72b34d1c0c
EJECUTANDO:ans_f92b056a-423d-4652-b169-6d72b34d1c0c
51913648419:SUCCESS
51913648419:ENCOLADO ans_f440e5fa-f0f3-4cbd-80bc-d1fc750d2e80
EJECUTANDO:ans_f440e5fa-f0f3-4cbd-80bc-d1fc750d2e80
51913648419:SUCCESS
51913648419:ENCOLADO ans_f345d45f-61ea-4493-a6aa-bd212369d768
EJECUTANDO:ans_f345d45f-61ea-4493-a6aa-bd212369d768
51913648419:SUCCESS
51913648419:ENCOLADO ans_f92b056a-423d-4652-b169-6d72b34d1c0c
EJECUTANDO:ans_f92b056a-423d-4652-b169-6d72b34d1c0c
51913648419:SUCCESS
51913648419:ENCOLADO ans_f440e5fa-f0f3-4cbd-80bc-d1fc750d2e80
EJECUTANDO:ans_f440e5fa-f0f3-4cbd-80bc-d1fc750d2e80
51913648419:SUCCESS
51913648419:ENCOLADO ans_f345d45f-61ea-4493-a6aa-bd212369d768
EJECUTANDO:ans_f345d45f-61ea-4493-a6aa-bd212369d768
51913648419:SUCCESS
51913648419:ENCOLADO ans_f92b056a-423d-4652-b169-6d72b34d1c0c
EJECUTANDO:ans_f92b056a-423d-4652-b169-6d72b34d1c0c
51913648419:SUCCESS
